<?xml version="1.0" encoding="UTF-8"?>
<!-- Generated by org.testng.reporters.JUnitXMLReporter -->
<testsuite ignored="49" hostname="PIO-L-4110" failures="1" tests="15" name="Test" time="6527.476" errors="0" timestamp="2024-10-28T15:35:18 IST">
  <testcase classname="com.nucleus.qa.testcases.InfinityTest" name="TestCase1" time="71.304"/>
  <testcase classname="com.nucleus.qa.testcases.InfinityTest" name="TestCase2" time="397.162"/>
  <testcase classname="com.nucleus.qa.testcases.InfinityTest" name="TestCase3" time="322.847"/>
  <testcase classname="com.nucleus.qa.testcases.InfinityTest" name="TestCase4" time="274.857"/>
  <testcase classname="com.nucleus.qa.testcases.InfinityTest" name="TestCase5" time="118.689"/>
  <testcase classname="com.nucleus.qa.testcases.InfinityTest" name="TestCase6" time="3031.517">
    <failure type="org.openqa.selenium.WebDriverException" message="disconnected: not connected to DevTools
  (failed to check if window was closed: disconnected: not connected to DevTools)
  (Session info: MicrosoftEdge=130.0.2849.52)
Build info: version: &amp;apos;3.141.59&amp;apos;, revision: &amp;apos;e82be7d358&amp;apos;, time: &amp;apos;2018-11-14T08:17:03&amp;apos;
System info: host: &amp;apos;PIO-L-4110&amp;apos;, ip: &amp;apos;192.168.100.87&amp;apos;, os.name: &amp;apos;Windows 11&amp;apos;, os.arch: &amp;apos;amd64&amp;apos;, os.version: &amp;apos;10.0&amp;apos;, java.version: &amp;apos;17.0.8.1&amp;apos;
Driver info: org.openqa.selenium.edge.EdgeDriver
Capabilities {acceptInsecureCerts: false, browserName: MicrosoftEdge, browserVersion: 130.0.2849.52, fedcm:accounts: true, javascriptEnabled: true, ms:edgeOptions: {debuggerAddress: localhost:60731}, msedge: {msedgedriverVersion: 130.0.2849.46 (bf1f0130f43a..., userDataDir: C:\Users\SHAHRU~2\AppData\L...}, networkConnectionEnabled: false, pageLoadStrategy: normal, platform: WINDOWS, platformName: WINDOWS, proxy: Proxy(), setWindowRect: true, strictFileInteractability: false, timeouts: {implicit: 0, pageLoad: 300000, script: 30000}, unhandledPromptBehavior: dismiss and notify, webauthn:extension:credBlob: true, webauthn:extension:largeBlob: true, webauthn:extension:minPinLength: true, webauthn:extension:prf: true, webauthn:virtualAuthenticators: true}
Session ID: 52598df1308704c4cb568e87f97ca3c4">
      <![CDATA[org.openqa.selenium.WebDriverException: disconnected: not connected to DevTools
  (failed to check if window was closed: disconnected: not connected to DevTools)
  (Session info: MicrosoftEdge=130.0.2849.52)
Build info: version: '3.141.59', revision: 'e82be7d358', time: '2018-11-14T08:17:03'
System info: host: 'PIO-L-4110', ip: '192.168.100.87', os.name: 'Windows 11', os.arch: 'amd64', os.version: '10.0', java.version: '17.0.8.1'
Driver info: org.openqa.selenium.edge.EdgeDriver
Capabilities {acceptInsecureCerts: false, browserName: MicrosoftEdge, browserVersion: 130.0.2849.52, fedcm:accounts: true, javascriptEnabled: true, ms:edgeOptions: {debuggerAddress: localhost:60731}, msedge: {msedgedriverVersion: 130.0.2849.46 (bf1f0130f43a..., userDataDir: C:\Users\SHAHRU~2\AppData\L...}, networkConnectionEnabled: false, pageLoadStrategy: normal, platform: WINDOWS, platformName: WINDOWS, proxy: Proxy(), setWindowRect: true, strictFileInteractability: false, timeouts: {implicit: 0, pageLoad: 300000, script: 30000}, unhandledPromptBehavior: dismiss and notify, webauthn:extension:credBlob: true, webauthn:extension:largeBlob: true, webauthn:extension:minPinLength: true, webauthn:extension:prf: true, webauthn:virtualAuthenticators: true}
Session ID: 52598df1308704c4cb568e87f97ca3c4
at org.openqa.selenium.remote.http.W3CHttpResponseCodec.createException(W3CHttpResponseCodec.java:187)
at org.openqa.selenium.remote.http.W3CHttpResponseCodec.decode(W3CHttpResponseCodec.java:122)
at org.openqa.selenium.remote.http.W3CHttpResponseCodec.decode(W3CHttpResponseCodec.java:49)
at org.openqa.selenium.remote.HttpCommandExecutor.execute(HttpCommandExecutor.java:158)
at org.openqa.selenium.remote.service.DriverCommandExecutor.execute(DriverCommandExecutor.java:83)
at org.openqa.selenium.remote.RemoteWebDriver.execute(RemoteWebDriver.java:552)
at org.openqa.selenium.remote.RemoteWebDriver.execute(RemoteWebDriver.java:609)
at org.openqa.selenium.remote.RemoteWebDriver.getScreenshotAs(RemoteWebDriver.java:295)
at com.nucleus.qa.base.TestBase.Screenshot(TestBase.java:390)
at com.nucleus.qa.testcases.InfinityTest.TestCase6(InfinityTest.java:3869)
at java.base/java.util.ArrayList.forEach(ArrayList.java:1511)
... Removed 32 stack frames]]>
    </failure>
  </testcase> <!-- TestCase6 -->
  <testcase classname="com.nucleus.qa.testcases.InfinityTest" name="TestCase7" time="275.203"/>
  <testcase classname="com.nucleus.qa.testcases.InfinityTest" name="TestCase8" time="305.716"/>
  <testcase classname="com.nucleus.qa.testcases.InfinityTest" name="TestCase9" time="239.65"/>
  <testcase classname="com.nucleus.qa.testcases.InfinityTest" name="TestCase10" time="258.164"/>
  <testcase classname="com.nucleus.qa.testcases.InfinityTest" name="TestCase11" time="110.272"/>
  <testcase classname="com.nucleus.qa.testcases.InfinityTest" name="TestCase12" time="250.84"/>
  <testcase classname="com.nucleus.qa.testcases.InfinityTest" name="TestCase13" time="271.873"/>
  <testcase classname="com.nucleus.qa.testcases.InfinityTest" name="TestCase14" time="271.837"/>
  <testcase classname="com.nucleus.qa.testcases.InfinityTest" name="TestCase15" time="301.498"/>
  <testcase classname="com.nucleus.qa.testcases.InfinityTest" name="TestCase19" time="0.0">
    <ignored/>
  </testcase> <!-- TestCase19 -->
  <testcase classname="com.nucleus.qa.testcases.InfinityTest" name="TestCase47" time="0.0">
    <ignored/>
  </testcase> <!-- TestCase47 -->
  <testcase classname="com.nucleus.qa.testcases.InfinityTest" name="TestCase35" time="0.0">
    <ignored/>
  </testcase> <!-- TestCase35 -->
  <testcase classname="com.nucleus.qa.testcases.InfinityTest" name="TestCase39" time="0.0">
    <ignored/>
  </testcase> <!-- TestCase39 -->
  <testcase classname="com.nucleus.qa.testcases.InfinityTest" name="TestCase41" time="0.0">
    <ignored/>
  </testcase> <!-- TestCase41 -->
  <testcase classname="com.nucleus.qa.testcases.InfinityTest" name="TestCase22" time="0.0">
    <ignored/>
  </testcase> <!-- TestCase22 -->
  <testcase classname="com.nucleus.qa.testcases.InfinityTest" name="TestCase61" time="0.0">
    <ignored/>
  </testcase> <!-- TestCase61 -->
  <testcase classname="com.nucleus.qa.testcases.InfinityTest" name="TestCase34" time="0.0">
    <ignored/>
  </testcase> <!-- TestCase34 -->
  <testcase classname="com.nucleus.qa.testcases.InfinityTest" name="TestCase26" time="0.0">
    <ignored/>
  </testcase> <!-- TestCase26 -->
  <testcase classname="com.nucleus.qa.testcases.InfinityTest" name="TestCase54" time="0.0">
    <ignored/>
  </testcase> <!-- TestCase54 -->
  <testcase classname="com.nucleus.qa.testcases.InfinityTest" name="TestCase38" time="0.0">
    <ignored/>
  </testcase> <!-- TestCase38 -->
  <testcase classname="com.nucleus.qa.testcases.InfinityTest" name="TestCase42" time="0.0">
    <ignored/>
  </testcase> <!-- TestCase42 -->
  <testcase classname="com.nucleus.qa.testcases.InfinityTest" name="TestCase24" time="0.0">
    <ignored/>
  </testcase> <!-- TestCase24 -->
  <testcase classname="com.nucleus.qa.testcases.InfinityTest" name="TestCase36" time="0.0">
    <ignored/>
  </testcase> <!-- TestCase36 -->
  <testcase classname="com.nucleus.qa.testcases.InfinityTest" name="TestCase28" time="0.0">
    <ignored/>
  </testcase> <!-- TestCase28 -->
  <testcase classname="com.nucleus.qa.testcases.InfinityTest" name="TestCase30" time="0.0">
    <ignored/>
  </testcase> <!-- TestCase30 -->
  <testcase classname="com.nucleus.qa.testcases.InfinityTest" name="TestCase62" time="0.0">
    <ignored/>
  </testcase> <!-- TestCase62 -->
  <testcase classname="com.nucleus.qa.testcases.InfinityTest" name="TestCase50" time="0.0">
    <ignored/>
  </testcase> <!-- TestCase50 -->
  <testcase classname="com.nucleus.qa.testcases.InfinityTest" name="TestCase23" time="0.0">
    <ignored/>
  </testcase> <!-- TestCase23 -->
  <testcase classname="com.nucleus.qa.testcases.InfinityTest" name="TestCase55" time="0.0">
    <ignored/>
  </testcase> <!-- TestCase55 -->
  <testcase classname="com.nucleus.qa.testcases.InfinityTest" name="TestCase43" time="0.0">
    <ignored/>
  </testcase> <!-- TestCase43 -->
  <testcase classname="com.nucleus.qa.testcases.InfinityTest" name="TestCase27" time="0.0">
    <ignored/>
  </testcase> <!-- TestCase27 -->
  <testcase classname="com.nucleus.qa.testcases.InfinityTest" name="TestCase31" time="0.0">
    <ignored/>
  </testcase> <!-- TestCase31 -->
  <testcase classname="com.nucleus.qa.testcases.InfinityTest" name="TestCase59" time="0.0">
    <ignored/>
  </testcase> <!-- TestCase59 -->
  <testcase classname="com.nucleus.qa.testcases.InfinityTest" name="TestCase57" time="0.0">
    <ignored/>
  </testcase> <!-- TestCase57 -->
  <testcase classname="com.nucleus.qa.testcases.InfinityTest" name="TestCase25" time="0.0">
    <ignored/>
  </testcase> <!-- TestCase25 -->
  <testcase classname="com.nucleus.qa.testcases.InfinityTest" name="TestCase17" time="0.0">
    <ignored/>
  </testcase> <!-- TestCase17 -->
  <testcase classname="com.nucleus.qa.testcases.InfinityTest" name="TestCase29" time="0.0">
    <ignored/>
  </testcase> <!-- TestCase29 -->
  <testcase classname="com.nucleus.qa.testcases.InfinityTest" name="TestCase63" time="0.0">
    <ignored/>
  </testcase> <!-- TestCase63 -->
  <testcase classname="com.nucleus.qa.testcases.InfinityTest" name="TestCase51" time="0.0">
    <ignored/>
  </testcase> <!-- TestCase51 -->
  <testcase classname="com.nucleus.qa.testcases.InfinityTest" name="TestCase56" time="0.0">
    <ignored/>
  </testcase> <!-- TestCase56 -->
  <testcase classname="com.nucleus.qa.testcases.InfinityTest" name="TestCase44" time="0.0">
    <ignored/>
  </testcase> <!-- TestCase44 -->
  <testcase classname="com.nucleus.qa.testcases.InfinityTest" name="TestCase64" time="0.0">
    <ignored/>
  </testcase> <!-- TestCase64 -->
  <testcase classname="com.nucleus.qa.testcases.InfinityTest" name="TestCase16" time="0.0">
    <ignored/>
  </testcase> <!-- TestCase16 -->
  <testcase classname="com.nucleus.qa.testcases.InfinityTest" name="TestCase20" time="0.0">
    <ignored/>
  </testcase> <!-- TestCase20 -->
  <testcase classname="com.nucleus.qa.testcases.InfinityTest" name="TestCase32" time="0.0">
    <ignored/>
  </testcase> <!-- TestCase32 -->
  <testcase classname="com.nucleus.qa.testcases.InfinityTest" name="TestCase48" time="0.0">
    <ignored/>
  </testcase> <!-- TestCase48 -->
  <testcase classname="com.nucleus.qa.testcases.InfinityTest" name="TestCase58" time="0.0">
    <ignored/>
  </testcase> <!-- TestCase58 -->
  <testcase classname="com.nucleus.qa.testcases.InfinityTest" name="TestCase46" time="0.0">
    <ignored/>
  </testcase> <!-- TestCase46 -->
  <testcase classname="com.nucleus.qa.testcases.InfinityTest" name="TestCase18" time="0.0">
    <ignored/>
  </testcase> <!-- TestCase18 -->
  <testcase classname="com.nucleus.qa.testcases.InfinityTest" name="TestCase40" time="0.0">
    <ignored/>
  </testcase> <!-- TestCase40 -->
  <testcase classname="com.nucleus.qa.testcases.InfinityTest" name="TestCase52" time="0.0">
    <ignored/>
  </testcase> <!-- TestCase52 -->
  <testcase classname="com.nucleus.qa.testcases.InfinityTest" name="TestCase33" time="0.0">
    <ignored/>
  </testcase> <!-- TestCase33 -->
  <testcase classname="com.nucleus.qa.testcases.InfinityTest" name="TestCase60" time="0.0">
    <ignored/>
  </testcase> <!-- TestCase60 -->
  <testcase classname="com.nucleus.qa.testcases.InfinityTest" name="TestCase45" time="0.0">
    <ignored/>
  </testcase> <!-- TestCase45 -->
  <testcase classname="com.nucleus.qa.testcases.InfinityTest" name="TestCase37" time="0.0">
    <ignored/>
  </testcase> <!-- TestCase37 -->
  <testcase classname="com.nucleus.qa.testcases.InfinityTest" name="TestCase53" time="0.0">
    <ignored/>
  </testcase> <!-- TestCase53 -->
  <testcase classname="com.nucleus.qa.testcases.InfinityTest" name="TestCase49" time="0.0">
    <ignored/>
  </testcase> <!-- TestCase49 -->
  <testcase classname="com.nucleus.qa.testcases.InfinityTest" name="TestCase21" time="0.0">
    <ignored/>
  </testcase> <!-- TestCase21 -->
</testsuite> <!-- Test -->
